[MainThread] UM.Qt.QtApplication.__init__ [76]: Adding QT5 plugin path: C:\Program Files\Ultimaker Cura 4.0\PyQt5\plugins
[MainThread] UM.Qt.QtApplication.__init__ [86]: Adding QT5 plugin path: C:\Program Files\Ultimaker Cura 4.0\PyQt5\plugins
[MainThread] UM.Resources.__initializeStoragePaths [414]: Initializing storage paths
[MainThread] UM.Resources.__initializeStoragePaths [425]: Config storage path is C:\Users\lowlyN\AppData\Roaming\cura\4.0
[MainThread] UM.Resources.__initializeStoragePaths [433]: Data storage path is C:\Users\lowlyN\AppData\Roaming\cura\4.0
[MainThread] UM.Resources.__initializeStoragePaths [445]: Cache storage path is C:\Users\lowlyN\AppData\Local\cura\4.0\cache
[MainThread] UM.PackageManager.__init__ [49]: Found bundled packages JSON file: C:\Program Files\Ultimaker Cura 4.0\resources\bundled_packages\cura.json
[MainThread] UM.PackageManager.__init__ [49]: Found bundled packages JSON file: C:\Program Files\Ultimaker Cura 4.0\resources\bundled_packages\uranium.json
[MainThread] UM.View.GL.OpenGLContext.detectBestOpenGLVersion [103]: Trying OpenGL context 4.1...
[MainThread] UM.View.GL.OpenGLContext.detectBestOpenGLVersion [113]: Yay, we got at least OpenGL 4.1 core: 4.1 Core profile
[MainThread] UM.Qt.QtApplication.initialize [138]: Detected most suitable OpenGL context version: 4.1 Core profile
[MainThread] UM.Qt.QtApplication.initialize [144]: Initializing job queue ...
[MainThread] UM.Qt.QtApplication.initialize [148]: Initializing version upgrade manager ...
[MainThread] UM.Settings.ContainerRegistry.addContainer [386]: Container [empty_definition_changes] added.
[MainThread] UM.Settings.ContainerRegistry.addContainer [386]: Container [empty_variant] added.
[MainThread] UM.Settings.ContainerRegistry.addContainer [386]: Container [empty_material] added.
[MainThread] UM.Settings.ContainerRegistry.addContainer [386]: Container [empty_quality] added.
[MainThread] UM.Settings.ContainerRegistry.addContainer [386]: Container [empty_quality_changes] added.
[MainThread] UM.PackageManager._loadManagementData [83]: Loaded bundled packages data from C:\Program Files\Ultimaker Cura 4.0\resources\bundled_packages\cura.json
[MainThread] UM.PackageManager._loadManagementData [83]: Loaded bundled packages data from C:\Program Files\Ultimaker Cura 4.0\resources\bundled_packages\uranium.json
[MainThread] UM.PackageManager._loadManagementData [100]: Loaded user packages management file from C:\Users\lowlyN\AppData\Roaming\cura\4.0\packages.json
[MainThread] UM.PackageManager._saveManagementData [168]: Package management file C:\Users\lowlyN\AppData\Roaming\cura\4.0\packages.json was saved
[MainThread] UM.PluginRegistry.initializeBeforePluginsAreLoaded [90]: Loading plugin configuration file 'C:\Users\lowlyN\AppData\Roaming\cura\4.0\plugins.json'
[MainThread] UM.PluginRegistry.loadPlugin [436]: Loaded plugin 3MFReader
[MainThread] UM.PluginRegistry.loadPlugin [436]: Loaded plugin 3MFWriter
[MainThread] UM.PluginRegistry.loadPlugin [436]: Loaded plugin ChangeLogPlugin
